<?xml version="1.0" encoding="UTF-8"?>
<!-- Generated by org.testng.reporters.JUnitReportReporter -->
<testsuite hostname="DESKTOP-4SJACL6" failures="0" tests="12" name="testNG.mavenProject.Car" time="0.128" errors="0" timestamp="2024-05-30T16:24:53 EDT" skipped="0">
  <testcase classname="testNG.mavenProject.Car" name="trunOnRadio" time="0.015"/>
  <system-out/>
  <testcase classname="testNG.mavenProject.Car" name="unlockCar" time="0.005"/>
  <system-out/>
  <testcase classname="testNG.mavenProject.Car" name="getInsideCar" time="0.010"/>
  <system-out/>
  <testcase classname="testNG.mavenProject.Car" name="pressStartButton" time="0.007"/>
  <system-out/>
  <testcase classname="testNG.mavenProject.Car" name="checkWindShieldLiquidStatus" time="0.006"/>
  <system-out/>
  <testcase classname="testNG.mavenProject.Car" name="fillWindShieldLiquid" time="0.003"/>
  <system-out/>
  <testcase classname="testNG.mavenProject.Car" name="openBonet" time="0.021"/>
  <system-out/>
  <testcase classname="testNG.mavenProject.Car" name="closeBonet" time="0.015"/>
  <system-out/>
  <testcase classname="testNG.mavenProject.Car" name="checkBreak" time="0.029"/>
  <system-out/>
  <testcase classname="testNG.mavenProject.Car" name="checkLights" time="0.003"/>
  <system-out/>
  <testcase classname="testNG.mavenProject.Car" name="setTemperature" time="0.002"/>
  <system-out/>
  <testcase classname="testNG.mavenProject.Car" name="setDestination" time="0.012"/>
  <system-out/>
</testsuite> <!-- testNG.mavenProject.Car -->
