<?xml version="1.0" encoding="UTF-8"?>
<!-- Generated by org.testng.reporters.JUnitReportReporter -->
<testsuite hostname="DESKTOP-4SJACL6" failures="0" tests="1" name="testNG.mavenProject.MyFirstSeleniumTest" time="6.991" errors="0" timestamp="2024-06-01T06:12:52 EDT" skipped="0">
  <testcase classname="testNG.mavenProject.MyFirstSeleniumTest" name="validateLogInFunctionality" time="6.991"/>
  <system-out/>
</testsuite> <!-- testNG.mavenProject.MyFirstSeleniumTest -->
