<?xml version="1.0" encoding="UTF-8"?>
<!-- Generated by org.testng.reporters.JUnitReportReporter -->
<testsuite hostname="DESKTOP-4SJACL6" failures="0" tests="3" name="testNG.mavenProject.FirstTestNG" time="0.012" errors="0" timestamp="2024-05-31T21:06:13 EDT" skipped="1">
  <testcase classname="testNG.mavenProject.FirstTestNG" name="testSomething" time="0.009"/>
  <system-out/>
  <testcase classname="testNG.mavenProject.FirstTestNG" name="testSomething" time="0.003"/>
  <system-out/>
  <testcase classname="testNG.mavenProject.FirstTestNG" name="testNothing">
    <skipped/>
  </testcase> <!-- testNothing -->
  <system-out/>
</testsuite> <!-- testNG.mavenProject.FirstTestNG -->
